<?xml version="1.0" encoding="UTF-8"?>
<testng-results skipped="0" failed="0" ignored="0" total="1" passed="1">
  <reporter-output>
  </reporter-output>
  <suite name="Surefire suite" duration-ms="16209" started-at="2017-12-17T18:42:54Z" finished-at="2017-12-17T18:43:10Z">
    <groups>
      <group name="cucumber">
        <method signature="AbstractTestNGCucumberTests.feature(cucumber.api.testng.CucumberFeatureWrapper)[pri:0, instance:runner.TestRunner@26ba2a48]" name="feature" class="cucumber.api.testng.AbstractTestNGCucumberTests"/>
      </group> <!-- cucumber -->
    </groups>
    <test name="Surefire test" duration-ms="16209" started-at="2017-12-17T18:42:54Z" finished-at="2017-12-17T18:43:10Z">
      <class name="runner.TestRunner">
        <test-method status="PASS" signature="setUpClass()[pri:0, instance:runner.TestRunner@26ba2a48]" name="setUpClass" is-config="true" duration-ms="1035" started-at="2017-12-17T18:42:54Z" finished-at="2017-12-17T18:42:55Z">
          <reporter-output>
          </reporter-output>
        </test-method> <!-- setUpClass -->
        <test-method status="PASS" signature="feature(cucumber.api.testng.CucumberFeatureWrapper)[pri:0, instance:runner.TestRunner@26ba2a48]" name="feature" duration-ms="14827" started-at="2017-12-17T18:42:55Z" description="Runs Cucumber Feature" data-provider="features" finished-at="2017-12-17T18:43:10Z">
          <params>
            <param index="0">
              <value>
                <![CDATA[Login Feature]]>
              </value>
            </param>
          </params>
          <reporter-output>
          </reporter-output>
        </test-method> <!-- feature -->
        <test-method status="PASS" signature="tearDownClass()[pri:0, instance:runner.TestRunner@26ba2a48]" name="tearDownClass" is-config="true" duration-ms="47" started-at="2017-12-17T18:43:10Z" finished-at="2017-12-17T18:43:10Z">
          <reporter-output>
          </reporter-output>
        </test-method> <!-- tearDownClass -->
      </class> <!-- runner.TestRunner -->
    </test> <!-- Surefire test -->
  </suite> <!-- Surefire suite -->
</testng-results>
